<?xml version="1.0" encoding="UTF-8"?>
<testng-results skipped="0" failed="0" ignored="0" total="2" passed="2">
  <reporter-output>
  </reporter-output>
  <suite name="Default suite" duration-ms="117" started-at="2023-04-13T10:08:16 IST" finished-at="2023-04-13T10:08:16 IST">
    <groups>
    </groups>
    <test name="Default test" duration-ms="117" started-at="2023-04-13T10:08:16 IST" finished-at="2023-04-13T10:08:16 IST">
      <class name="sample.Demo">
        <test-method status="PASS" signature="add()[pri:0, instance:sample.Demo@5ed828d]" name="add" duration-ms="20" started-at="2023-04-13T10:08:16 IST" finished-at="2023-04-13T10:08:16 IST">
          <reporter-output>
          </reporter-output>
        </test-method> <!-- add -->
        <test-method status="PASS" signature="demo()[pri:0, instance:sample.Demo@5ed828d]" name="demo" duration-ms="3" started-at="2023-04-13T10:08:16 IST" finished-at="2023-04-13T10:08:16 IST">
          <reporter-output>
          </reporter-output>
        </test-method> <!-- demo -->
      </class> <!-- sample.Demo -->
    </test> <!-- Default test -->
  </suite> <!-- Default suite -->
</testng-results>
