<?xml version="1.0" encoding="UTF-8"?>
<testng-results skipped="0" failed="0" ignored="0" total="1" passed="1">
  <reporter-output>
  </reporter-output>
  <suite name="Default suite" duration-ms="171" started-at="2023-04-12T10:42:48 IST" finished-at="2023-04-12T10:42:48 IST">
    <groups>
    </groups>
    <test name="Default test" duration-ms="171" started-at="2023-04-12T10:42:48 IST" finished-at="2023-04-12T10:42:48 IST">
      <class name="sample.Demo">
        <test-method status="PASS" signature="demo()[pri:0, instance:sample.Demo@5ed828d]" name="demo" duration-ms="54" started-at="2023-04-12T10:42:48 IST" finished-at="2023-04-12T10:42:48 IST">
          <reporter-output>
          </reporter-output>
        </test-method> <!-- demo -->
      </class> <!-- sample.Demo -->
    </test> <!-- Default test -->
  </suite> <!-- Default suite -->
</testng-results>
